<?xml version="1.0" encoding="UTF-8"?>
<testsuite name="com.lec.spring.matzip.repository.MyMatzipRepositoryTest" tests="1" skipped="0" failures="0" errors="0" timestamp="2024-12-05T06:48:39" hostname="DESKTOP-R13FR0H" time="1.168">
  <properties/>
  <testcase name="deletemyMatzip()" classname="com.lec.spring.matzip.repository.MyMatzipRepositoryTest" time="1.168"/>
  <system-out><![CDATA[15:48:35.770 [Test worker] INFO org.springframework.test.context.support.AnnotationConfigContextLoaderUtils -- Could not detect default configuration classes for test class [com.lec.spring.matzip.repository.MyMatzipRepositoryTest]: MyMatzipRepositoryTest does not declare any static, non-private, non-final, nested classes annotated with @Configuration.
15:48:35.961 [Test worker] INFO org.springframework.boot.test.context.SpringBootTestContextBootstrapper -- Found @SpringBootConfiguration com.lec.spring.MatzipWithYouApplication for test class com.lec.spring.matzip.repository.MyMatzipRepositoryTest

  .   ____          _            __ _ _
 /\\ / ___'_ __ _ _(_)_ __  __ _ \ \ \ \
( ( )\___ | '_ | '_| | '_ \/ _` | \ \ \ \
 \\/  ___)| |_)| | | | | || (_| |  ) ) ) )
  '  |____| .__|_| |_|_| |_\__, | / / / /
 =========|_|==============|___/=/_/_/_/

 :: Spring Boot ::                (v3.3.6)

2024-12-05T15:48:36.731+09:00  INFO 14752 --- [MatzipWithYou] [    Test worker] c.l.s.m.r.MyMatzipRepositoryTest         : Starting MyMatzipRepositoryTest using Java 17.0.12 with PID 14752 (started by ace in C:\FullStack2409\matzipWithYou)
2024-12-05T15:48:36.734+09:00  INFO 14752 --- [MatzipWithYou] [    Test worker] c.l.s.m.r.MyMatzipRepositoryTest         : The following 1 profile is active: "dev"
2024-12-05T15:48:37.820+09:00  WARN 14752 --- [MatzipWithYou] [    Test worker] o.m.s.mapper.ClassPathMapperScanner      : No MyBatis mapper was found in '[com.lec.spring]' package. Please check your configuration.
2024-12-05T15:48:38.691+09:00  INFO 14752 --- [MatzipWithYou] [    Test worker] o.s.b.a.w.s.WelcomePageHandlerMapping    : Adding welcome page template: index
2024-12-05T15:48:39.077+09:00  INFO 14752 --- [MatzipWithYou] [    Test worker] c.l.s.m.r.MyMatzipRepositoryTest         : Started MyMatzipRepositoryTest in 2.849 seconds (process running for 4.839)
2024-12-05T15:48:40.012+09:00  INFO 14752 --- [MatzipWithYou] [    Test worker] com.zaxxer.hikari.HikariDataSource       : HikariPool-1 - Starting...
2024-12-05T15:48:40.187+09:00  INFO 14752 --- [MatzipWithYou] [    Test worker] com.zaxxer.hikari.pool.HikariPool        : HikariPool-1 - Added connection com.mysql.cj.jdbc.ConnectionImpl@17332039
2024-12-05T15:48:40.189+09:00  INFO 14752 --- [MatzipWithYou] [    Test worker] com.zaxxer.hikari.HikariDataSource       : HikariPool-1 - Start completed.
1개 삭제
[]
]]></system-out>
  <system-err><![CDATA[]]></system-err>
</testsuite>
