<?xml version="1.0" encoding="UTF-8"?>
<testsuite name="com.lec.spring.matzip.repository.ReviewRepositoryTest" tests="1" skipped="0" failures="1" errors="0" timestamp="2024-12-03T02:09:31" hostname="hwang-yeeun-ui-MacBookAir.local" time="0.365">
  <properties/>
  <testcase name="testSaveReview()" classname="com.lec.spring.matzip.repository.ReviewRepositoryTest" time="0.365">
    <failure message="java.lang.ClassCastException: class org.attoparser.dom.Text cannot be cast to class org.w3c.dom.Text (org.attoparser.dom.Text is in unnamed module of loader 'app'; org.w3c.dom.Text is in module java.xml of loader 'bootstrap')" type="java.lang.ClassCastException">java.lang.ClassCastException: class org.attoparser.dom.Text cannot be cast to class org.w3c.dom.Text (org.attoparser.dom.Text is in unnamed module of loader 'app'; org.w3c.dom.Text is in module java.xml of loader 'bootstrap')
	at com.lec.spring.matzip.repository.ReviewRepositoryTest.testSaveReview(ReviewRepositoryTest.java:39)
	at java.base/java.lang.reflect.Method.invoke(Method.java:568)
	at java.base/java.util.ArrayList.forEach(ArrayList.java:1511)
	at java.base/java.util.ArrayList.forEach(ArrayList.java:1511)
</failure>
  </testcase>
  <system-out><![CDATA[11:09:30.599 [Test worker] INFO org.springframework.test.context.support.AnnotationConfigContextLoaderUtils -- Could not detect default configuration classes for test class [com.lec.spring.matzip.repository.ReviewRepositoryTest]: ReviewRepositoryTest does not declare any static, non-private, non-final, nested classes annotated with @Configuration.
11:09:30.642 [Test worker] INFO org.springframework.boot.test.context.SpringBootTestContextBootstrapper -- Found @SpringBootConfiguration com.lec.spring.MatzipWithYouApplication for test class com.lec.spring.matzip.repository.ReviewRepositoryTest

  .   ____          _            __ _ _
 /\\ / ___'_ __ _ _(_)_ __  __ _ \ \ \ \
( ( )\___ | '_ | '_| | '_ \/ _` | \ \ \ \
 \\/  ___)| |_)| | | | | || (_| |  ) ) ) )
  '  |____| .__|_| |_|_| |_\__, | / / / /
 =========|_|==============|___/=/_/_/_/

 :: Spring Boot ::                (v3.3.6)

2024-12-03T11:09:30.795+09:00  INFO 80701 --- [MatzipWithYou] [    Test worker] c.l.s.m.repository.ReviewRepositoryTest  : Starting ReviewRepositoryTest using Java 17.0.12 with PID 80701 (started by le_fox.sol in /Users/le_sol.sol/Documents/matzipWithYou)
2024-12-03T11:09:30.796+09:00  INFO 80701 --- [MatzipWithYou] [    Test worker] c.l.s.m.repository.ReviewRepositoryTest  : The following 1 profile is active: "dev"
2024-12-03T11:09:31.045+09:00  WARN 80701 --- [MatzipWithYou] [    Test worker] o.m.s.mapper.ClassPathMapperScanner      : No MyBatis mapper was found in '[com.lec.spring]' package. Please check your configuration.
2024-12-03T11:09:31.269+09:00  INFO 80701 --- [MatzipWithYou] [    Test worker] o.s.b.a.w.s.WelcomePageHandlerMapping    : Adding welcome page template: index
2024-12-03T11:09:31.388+09:00  INFO 80701 --- [MatzipWithYou] [    Test worker] c.l.s.m.repository.ReviewRepositoryTest  : Started ReviewRepositoryTest in 0.695 seconds (process running for 1.109)
]]></system-out>
  <system-err><![CDATA[]]></system-err>
</testsuite>
