<?xml version="1.0" encoding="UTF-8"?>
<testsuite name="com.lec.spring.matzip.repository.MatzipRepositoryTest" tests="1" skipped="0" failures="0" errors="0" timestamp="2024-12-03T00:36:13" hostname="jangjun-yeongs-MacBook-Air.local" time="0.532">
  <properties/>
  <testcase name="test1()" classname="com.lec.spring.matzip.repository.MatzipRepositoryTest" time="0.532"/>
  <system-out><![CDATA[09:36:11.980 [Test worker] INFO org.springframework.test.context.support.AnnotationConfigContextLoaderUtils -- Could not detect default configuration classes for test class [com.lec.spring.matzip.repository.MatzipRepositoryTest]: MatzipRepositoryTest does not declare any static, non-private, non-final, nested classes annotated with @Configuration.
09:36:12.031 [Test worker] INFO org.springframework.boot.test.context.SpringBootTestContextBootstrapper -- Found @SpringBootConfiguration com.lec.spring.MatzipWithYouApplication for test class com.lec.spring.matzip.repository.MatzipRepositoryTest

  .   ____          _            __ _ _
 /\\ / ___'_ __ _ _(_)_ __  __ _ \ \ \ \
( ( )\___ | '_ | '_| | '_ \/ _` | \ \ \ \
 \\/  ___)| |_)| | | | | || (_| |  ) ) ) )
  '  |____| .__|_| |_|_| |_\__, | / / / /
 =========|_|==============|___/=/_/_/_/

 :: Spring Boot ::                (v3.3.6)

2024-12-03T09:36:12.330+09:00  INFO 22231 --- [MatzipWithYou] [    Test worker] c.l.s.m.repository.MatzipRepositoryTest  : Starting MatzipRepositoryTest using Java 17.0.12 with PID 22231 (started by jjy in /Users/jjy/Documents/gugbi/FullStack2409/matzipWithYou)
2024-12-03T09:36:12.331+09:00  INFO 22231 --- [MatzipWithYou] [    Test worker] c.l.s.m.repository.MatzipRepositoryTest  : The following 1 profile is active: "dev"
2024-12-03T09:36:12.615+09:00  WARN 22231 --- [MatzipWithYou] [    Test worker] o.m.s.mapper.ClassPathMapperScanner      : No MyBatis mapper was found in '[com.lec.spring]' package. Please check your configuration.
2024-12-03T09:36:12.798+09:00  INFO 22231 --- [MatzipWithYou] [    Test worker] o.s.b.w.embedded.tomcat.TomcatWebServer  : Tomcat initialized with port 0 (http)
2024-12-03T09:36:12.806+09:00  INFO 22231 --- [MatzipWithYou] [    Test worker] o.apache.catalina.core.StandardService   : Starting service [Tomcat]
2024-12-03T09:36:12.806+09:00  INFO 22231 --- [MatzipWithYou] [    Test worker] o.apache.catalina.core.StandardEngine    : Starting Servlet engine: [Apache Tomcat/10.1.33]
2024-12-03T09:36:12.837+09:00  INFO 22231 --- [MatzipWithYou] [    Test worker] o.a.c.c.C.[Tomcat].[localhost].[/]       : Initializing Spring embedded WebApplicationContext
2024-12-03T09:36:12.838+09:00  INFO 22231 --- [MatzipWithYou] [    Test worker] w.s.c.ServletWebServerApplicationContext : Root WebApplicationContext: initialization completed in 497 ms
2024-12-03T09:36:13.019+09:00  INFO 22231 --- [MatzipWithYou] [    Test worker] o.s.b.a.w.s.WelcomePageHandlerMapping    : Adding welcome page template: index
2024-12-03T09:36:13.166+09:00  INFO 22231 --- [MatzipWithYou] [    Test worker] o.s.b.w.embedded.tomcat.TomcatWebServer  : Tomcat started on port 51168 (http) with context path '/'
2024-12-03T09:36:13.172+09:00  INFO 22231 --- [MatzipWithYou] [    Test worker] c.l.s.m.repository.MatzipRepositoryTest  : Started MatzipRepositoryTest in 0.976 seconds (process running for 1.579)
2024-12-03T09:36:13.670+09:00  INFO 22231 --- [MatzipWithYou] [o-auto-1-exec-1] o.a.c.c.C.[Tomcat].[localhost].[/]       : Initializing Spring DispatcherServlet 'dispatcherServlet'
2024-12-03T09:36:13.670+09:00  INFO 22231 --- [MatzipWithYou] [o-auto-1-exec-1] o.s.web.servlet.DispatcherServlet        : Initializing Servlet 'dispatcherServlet'
2024-12-03T09:36:13.671+09:00  INFO 22231 --- [MatzipWithYou] [o-auto-1-exec-1] o.s.web.servlet.DispatcherServlet        : Completed initialization in 1 ms
2024-12-03T09:36:13.685+09:00  WARN 22231 --- [MatzipWithYou] [o-auto-1-exec-1] .w.s.m.s.DefaultHandlerExceptionResolver : Resolved [org.springframework.web.bind.MissingServletRequestParameterException: Required request parameter 'kakaoPlaceDTO' for method parameter type KakaoPlaceDTO is not present]
{"timestamp":"2024-12-03T00:36:13.691+00:00","status":400,"error":"Bad Request","path":"/matzip/test"}
]]></system-out>
  <system-err><![CDATA[]]></system-err>
</testsuite>
