<?xml version="1.0" encoding="UTF-8"?>
<testsuite name="com.lec.spring.matzip.repository.MatzipRepositoryTest" tests="1" skipped="0" failures="0" errors="0" timestamp="2024-12-02T05:15:14" hostname="jangjun-yeongs-MacBook-Air.local" time="0.674">
  <properties/>
  <testcase name="test1()" classname="com.lec.spring.matzip.repository.MatzipRepositoryTest" time="0.674"/>
  <system-out><![CDATA[14:15:13.140 [Test worker] INFO org.springframework.test.context.support.AnnotationConfigContextLoaderUtils -- Could not detect default configuration classes for test class [com.lec.spring.matzip.repository.MatzipRepositoryTest]: MatzipRepositoryTest does not declare any static, non-private, non-final, nested classes annotated with @Configuration.
14:15:13.191 [Test worker] INFO org.springframework.boot.test.context.SpringBootTestContextBootstrapper -- Found @SpringBootConfiguration com.lec.spring.MatzipWithYouApplication for test class com.lec.spring.matzip.repository.MatzipRepositoryTest

  .   ____          _            __ _ _
 /\\ / ___'_ __ _ _(_)_ __  __ _ \ \ \ \
( ( )\___ | '_ | '_| | '_ \/ _` | \ \ \ \
 \\/  ___)| |_)| | | | | || (_| |  ) ) ) )
  '  |____| .__|_| |_|_| |_\__, | / / / /
 =========|_|==============|___/=/_/_/_/

 :: Spring Boot ::                (v3.3.6)

2024-12-02T14:15:13.381+09:00  INFO 73926 --- [MatzipWithYou] [    Test worker] c.l.s.m.repository.MatzipRepositoryTest  : Starting MatzipRepositoryTest using Java 17.0.12 with PID 73926 (started by jjy in /Users/jjy/Documents/gugbi/FullStack2409/matzipWithYou)
2024-12-02T14:15:13.382+09:00  INFO 73926 --- [MatzipWithYou] [    Test worker] c.l.s.m.repository.MatzipRepositoryTest  : The following 1 profile is active: "dev"
2024-12-02T14:15:13.676+09:00  WARN 73926 --- [MatzipWithYou] [    Test worker] o.m.s.mapper.ClassPathMapperScanner      : No MyBatis mapper was found in '[com.lec.spring]' package. Please check your configuration.
2024-12-02T14:15:13.833+09:00  INFO 73926 --- [MatzipWithYou] [    Test worker] o.s.b.a.w.s.WelcomePageHandlerMapping    : Adding welcome page template: index
2024-12-02T14:15:14.082+09:00  INFO 73926 --- [MatzipWithYou] [    Test worker] c.l.s.m.repository.MatzipRepositoryTest  : Started MatzipRepositoryTest in 0.82 seconds (process running for 1.334)
2024-12-02T14:15:14.592+09:00  INFO 73926 --- [MatzipWithYou] [    Test worker] com.zaxxer.hikari.HikariDataSource       : HikariPool-1 - Starting...
2024-12-02T14:15:14.703+09:00  INFO 73926 --- [MatzipWithYou] [    Test worker] com.zaxxer.hikari.pool.HikariPool        : HikariPool-1 - Added connection com.mysql.cj.jdbc.ConnectionImpl@35cbeb54
2024-12-02T14:15:14.704+09:00  INFO 73926 --- [MatzipWithYou] [    Test worker] com.zaxxer.hikari.HikariDataSource       : HikariPool-1 - Start completed.
1
]]></system-out>
  <system-err><![CDATA[]]></system-err>
</testsuite>
