<?xml version="1.0" encoding="UTF-8"?>
<testsuite name="com.lec.spring.matzip.repository.ReviewRepositoryTest" tests="1" skipped="0" failures="1" errors="0" timestamp="2024-12-03T05:16:51" hostname="hwang-yeeun-ui-MacBookAir.local" time="0.369">
  <properties/>
  <testcase name="testCheckHiddenMatzip()" classname="com.lec.spring.matzip.repository.ReviewRepositoryTest" time="0.369">
    <failure message="org.mybatis.spring.MyBatisSystemException" type="org.mybatis.spring.MyBatisSystemException">org.mybatis.spring.MyBatisSystemException
	at app//org.mybatis.spring.MyBatisExceptionTranslator.translateExceptionIfPossible(MyBatisExceptionTranslator.java:97)
	at app//org.mybatis.spring.SqlSessionTemplate$SqlSessionInterceptor.invoke(SqlSessionTemplate.java:439)
	at app/jdk.proxy3/jdk.proxy3.$Proxy70.selectOne(Unknown Source)
	at app//org.mybatis.spring.SqlSessionTemplate.selectOne(SqlSessionTemplate.java:160)
	at app//org.apache.ibatis.binding.MapperMethod.execute(MapperMethod.java:87)
	at app//org.apache.ibatis.binding.MapperProxy$PlainMethodInvoker.invoke(MapperProxy.java:141)
	at app//org.apache.ibatis.binding.MapperProxy.invoke(MapperProxy.java:86)
	at app/jdk.proxy3/jdk.proxy3.$Proxy71.checkHiddenMatzip(Unknown Source)
	at app//com.lec.spring.matzip.repository.ReviewRepositoryTest.testCheckHiddenMatzip(ReviewRepositoryTest.java:83)
	at java.base@17.0.12/java.lang.reflect.Method.invoke(Method.java:568)
	at java.base@17.0.12/java.util.ArrayList.forEach(ArrayList.java:1511)
	at java.base@17.0.12/java.util.ArrayList.forEach(ArrayList.java:1511)
Caused by: org.apache.ibatis.binding.BindingException: Parameter 'myMatzip' not found. Available parameters are [review, member, param1, param2]
	at app//org.apache.ibatis.binding.MapperMethod$ParamMap.get(MapperMethod.java:210)
	at app//org.apache.ibatis.reflection.wrapper.MapWrapper.get(MapWrapper.java:45)
	at app//org.apache.ibatis.reflection.MetaObject.getValue(MetaObject.java:116)
	at app//org.apache.ibatis.reflection.MetaObject.metaObjectForProperty(MetaObject.java:143)
	at app//org.apache.ibatis.reflection.MetaObject.getValue(MetaObject.java:118)
	at app//org.apache.ibatis.executor.BaseExecutor.createCacheKey(BaseExecutor.java:225)
	at app//org.apache.ibatis.executor.CachingExecutor.createCacheKey(CachingExecutor.java:149)
	at app//org.apache.ibatis.executor.CachingExecutor.query(CachingExecutor.java:89)
	at app//org.apache.ibatis.session.defaults.DefaultSqlSession.selectList(DefaultSqlSession.java:154)
	at app//org.apache.ibatis.session.defaults.DefaultSqlSession.selectList(DefaultSqlSession.java:147)
	at app//org.apache.ibatis.session.defaults.DefaultSqlSession.selectList(DefaultSqlSession.java:142)
	at app//org.apache.ibatis.session.defaults.DefaultSqlSession.selectOne(DefaultSqlSession.java:75)
	at java.base@17.0.12/jdk.internal.reflect.NativeMethodAccessorImpl.invoke0(Native Method)
	at java.base@17.0.12/jdk.internal.reflect.NativeMethodAccessorImpl.invoke(NativeMethodAccessorImpl.java:77)
	at java.base@17.0.12/jdk.internal.reflect.DelegatingMethodAccessorImpl.invoke(DelegatingMethodAccessorImpl.java:43)
	at java.base@17.0.12/java.lang.reflect.Method.invoke(Method.java:568)
	at app//org.mybatis.spring.SqlSessionTemplate$SqlSessionInterceptor.invoke(SqlSessionTemplate.java:425)
	... 10 more
</failure>
  </testcase>
  <system-out><![CDATA[14:16:50.170 [Test worker] INFO org.springframework.test.context.support.AnnotationConfigContextLoaderUtils -- Could not detect default configuration classes for test class [com.lec.spring.matzip.repository.ReviewRepositoryTest]: ReviewRepositoryTest does not declare any static, non-private, non-final, nested classes annotated with @Configuration.
14:16:50.213 [Test worker] INFO org.springframework.boot.test.context.SpringBootTestContextBootstrapper -- Found @SpringBootConfiguration com.lec.spring.MatzipWithYouApplication for test class com.lec.spring.matzip.repository.ReviewRepositoryTest

  .   ____          _            __ _ _
 /\\ / ___'_ __ _ _(_)_ __  __ _ \ \ \ \
( ( )\___ | '_ | '_| | '_ \/ _` | \ \ \ \
 \\/  ___)| |_)| | | | | || (_| |  ) ) ) )
  '  |____| .__|_| |_|_| |_\__, | / / / /
 =========|_|==============|___/=/_/_/_/

 :: Spring Boot ::                (v3.3.6)

2024-12-03T14:16:50.378+09:00  INFO 83892 --- [MatzipWithYou] [    Test worker] c.l.s.m.repository.ReviewRepositoryTest  : Starting ReviewRepositoryTest using Java 17.0.12 with PID 83892 (started by le_fox.sol in /Users/le_sol.sol/Documents/matzipWithYou)
2024-12-03T14:16:50.379+09:00  INFO 83892 --- [MatzipWithYou] [    Test worker] c.l.s.m.repository.ReviewRepositoryTest  : The following 1 profile is active: "dev"
2024-12-03T14:16:50.659+09:00  WARN 83892 --- [MatzipWithYou] [    Test worker] o.m.s.mapper.ClassPathMapperScanner      : No MyBatis mapper was found in '[com.lec.spring]' package. Please check your configuration.
ReviewService() 생성
2024-12-03T14:16:50.867+09:00  INFO 83892 --- [MatzipWithYou] [    Test worker] r$InitializeUserDetailsManagerConfigurer : Global AuthenticationManager configured with UserDetailsService bean with name inMemoryUserDetailsManager
2024-12-03T14:16:50.895+09:00  INFO 83892 --- [MatzipWithYou] [    Test worker] o.s.b.a.w.s.WelcomePageHandlerMapping    : Adding welcome page template: index
2024-12-03T14:16:50.976+09:00  WARN 83892 --- [MatzipWithYou] [    Test worker] o.s.s.c.a.web.builders.WebSecurity       : You are asking Spring Security to ignore any request. This is not recommended -- please use permitAll via HttpSecurity#authorizeHttpRequests instead.
2024-12-03T14:16:51.100+09:00  INFO 83892 --- [MatzipWithYou] [    Test worker] c.l.s.m.repository.ReviewRepositoryTest  : Started ReviewRepositoryTest in 0.831 seconds (process running for 1.278)
]]></system-out>
  <system-err><![CDATA[]]></system-err>
</testsuite>
